cl : command line  warning D9035: option 'Zc:forScope-' has been deprecated and will be removed in a future release
  MapObject.cpp
C:\Users\vuduc\OneDrive\Documents\GitHub\VuDucAn_NguyenDung_DangManhCuong\SDL2Project\SDL\src\GameObject\MapObject.h(15,30): warning C4305: 'initializing': truncation from 'double' to 'float'
C:\Users\vuduc\OneDrive\Documents\GitHub\VuDucAn_NguyenDung_DangManhCuong\SDL2Project\SDL\src\GameObject\MapObject.h(19,31): warning C4305: 'initializing': truncation from 'double' to 'float'
C:\Users\vuduc\OneDrive\Documents\GitHub\VuDucAn_NguyenDung_DangManhCuong\SDL2Project\SDL\src\GameObject\MapObject.cpp(19,34): warning C4244: '=': conversion from 'int' to 'float', possible loss of data
C:\Users\vuduc\OneDrive\Documents\GitHub\VuDucAn_NguyenDung_DangManhCuong\SDL2Project\SDL\src\GameObject\MapObject.cpp(20,34): warning C4244: '=': conversion from 'int' to 'float', possible loss of data
C:\Users\vuduc\OneDrive\Documents\GitHub\VuDucAn_NguyenDung_DangManhCuong\SDL2Project\SDL\src\GameObject\MapObject.cpp(21,34): warning C4244: '=': conversion from 'int' to 'float', possible loss of data
C:\Users\vuduc\OneDrive\Documents\GitHub\VuDucAn_NguyenDung_DangManhCuong\SDL2Project\SDL\src\GameObject\MapObject.cpp(22,34): warning C4244: '=': conversion from 'int' to 'float', possible loss of data
C:\Users\vuduc\OneDrive\Documents\GitHub\VuDucAn_NguyenDung_DangManhCuong\SDL2Project\SDL\src\GameObject\MapObject.cpp(98,14): warning C4244: 'initializing': conversion from 'float' to 'int', possible loss of data
C:\Users\vuduc\OneDrive\Documents\GitHub\VuDucAn_NguyenDung_DangManhCuong\SDL2Project\SDL\src\GameObject\MapObject.cpp(99,14): warning C4244: 'initializing': conversion from 'float' to 'int', possible loss of data
C:\Users\vuduc\OneDrive\Documents\GitHub\VuDucAn_NguyenDung_DangManhCuong\SDL2Project\SDL\src\GameObject\MapObject.cpp(100,26): warning C4244: 'argument': conversion from 'float' to 'int', possible loss of data
C:\Users\vuduc\OneDrive\Documents\GitHub\VuDucAn_NguyenDung_DangManhCuong\SDL2Project\SDL\src\GameObject\MapObject.cpp(100,20): warning C4244: 'argument': conversion from 'float' to 'int', possible loss of data
  Generating code
  1 of 2657 functions (<0.1%) were compiled, the rest were copied from previous compilation.
    0 functions were new in current compilation
    1 functions had inline decision re-evaluated but remain unchanged
  Finished generating code
  SDL.vcxproj -> C:\Users\vuduc\OneDrive\Documents\GitHub\VuDucAn_NguyenDung_DangManhCuong\SDL2Project\x64\Release\SDL.exe
  0 File(s) copied
  0 File(s) copied
